    Updating crates.io index
     Locking 574 packages to latest compatible versions
      Adding asn1-rs v0.6.2 (available: v0.7.1)
      Adding asn1-rs-derive v0.5.1 (available: v0.7.0)
      Adding asn1-rs-impl v0.2.0 (available: v0.3.0)
      Adding aws-sdk-kms v0.30.0 (available: v1.66.0)
      Adding base64 v0.21.7 (available: v0.22.1)
      Adding bech32 v0.9.1 (available: v0.11.0)
      Adding der-parser v9.0.0 (available: v10.0.0)
      Adding ethers v2.0.11 (available: v2.0.14)
      Adding ethers-addressbook v2.0.13 (available: v2.0.14)
      Adding ethers-contract v2.0.13 (available: v2.0.14)
      Adding ethers-contract-abigen v2.0.13 (available: v2.0.14)
      Adding ethers-contract-derive v2.0.13 (available: v2.0.14)
      Adding ethers-core v2.0.13 (available: v2.0.14)
      Adding ethers-etherscan v2.0.13 (available: v2.0.14)
      Adding ethers-middleware v2.0.13 (available: v2.0.14)
      Adding ethers-providers v2.0.13 (available: v2.0.14)
      Adding ethers-signers v2.0.13 (available: v2.0.14)
      Adding ethers-solc v2.0.13 (available: v2.0.14)
      Adding http v0.2.12 (available: v1.3.1)
      Adding hyper v0.14.32 (available: v1.6.0)
      Adding hyper-rustls v0.26.0 (available: v0.27.5)
      Adding oid-registry v0.7.1 (available: v0.8.1)
      Adding primitive-types v0.12.2 (available: v0.13.1)
      Adding prometheus v0.13.4 (available: v0.14.0)
      Adding prost v0.12.6 (available: v0.13.5)
      Adding rand v0.8.5 (available: v0.9.1)
      Adding rand_core v0.6.4 (available: v0.9.3)
      Adding rcgen v0.12.1 (available: v0.13.2)
      Adding reqwest v0.11.27 (available: v0.12.15)
      Adding rlp v0.5.2 (available: v0.6.1)
      Adding rustls v0.22.4 (available: v0.23.26)
      Adding rustls-native-certs v0.7.3 (available: v0.8.1)
      Adding secp256k1 v0.28.2 (available: v0.31.0)
      Adding solang-parser v0.3.3 (available: v0.3.4)
      Adding spin v0.9.8 (available: v0.10.0)
      Adding strum v0.25.0 (available: v0.27.1)
      Adding thiserror v1.0.69 (available: v2.0.12)
      Adding tokio-rustls v0.25.0 (available: v0.26.2)
      Adding tonic v0.11.0 (available: v0.13.0)
      Adding tonic-health v0.11.0 (available: v0.13.0)
      Adding tonic-reflection v0.11.0 (available: v0.13.0)
      Adding x509-parser v0.16.0 (available: v0.17.0)
      Adding zerocopy v0.7.35 (available: v0.8.25)
 Downloading crates ...
  Downloaded openssl-sys v0.9.108
  Downloaded libm v0.2.14
  Downloaded jiff v0.2.12
   Compiling proc-macro2 v1.0.95
   Compiling unicode-ident v1.0.18
   Compiling libc v0.2.172
   Compiling serde v1.0.219
    Checking cfg-if v1.0.0
   Compiling quote v1.0.40
   Compiling syn v2.0.101
   Compiling autocfg v1.4.0
   Compiling typenum v1.18.0
   Compiling version_check v0.9.5
   Compiling generic-array v0.14.7
   Compiling jobserver v0.1.33
   Compiling shlex v1.3.0
   Compiling cc v1.2.21
    Checking getrandom v0.2.16
    Checking itoa v1.0.15
    Checking memchr v2.7.4
    Checking once_cell v1.21.3
   Compiling lock_api v0.4.12
    Checking scopeguard v1.2.0
   Compiling serde_derive v1.0.219
   Compiling zeroize_derive v1.4.2
    Checking zeroize v1.8.1
   Compiling zerocopy v0.8.25
    Checking rand_core v0.6.4
    Checking smallvec v1.15.0
    Checking subtle v2.6.1
    Checking pin-project-lite v0.2.16
    Checking const-oid v0.9.6
    Checking log v0.4.27
    Checking crypto-common v0.1.6
   Compiling libm v0.2.14
   Compiling num-traits v0.2.19
   Compiling rustversion v1.0.20
    Checking bytes v1.10.1
    Checking block-buffer v0.10.4
   Compiling parking_lot_core v0.9.10
    Checking futures-core v0.3.31
    Checking digest v0.10.7
    Checking parking_lot v0.12.3
    Checking futures-sink v0.3.31
   Compiling tokio-macros v2.5.0
    Checking signal-hook-registry v1.4.5
    Checking socket2 v0.5.9
    Checking mio v1.0.3
    Checking ppv-lite86 v0.2.21
    Checking tokio v1.44.2
    Checking rand_chacha v0.3.1
    Checking futures-channel v0.3.31
    Checking rand v0.8.5
   Compiling slab v0.4.9
    Checking futures-task v0.3.31
   Compiling syn v1.0.109
   Compiling futures-macro v0.3.31
    Checking powerfmt v0.2.0
   Compiling unicode-xid v0.2.6
    Checking fnv v1.0.7
    Checking futures-io v0.3.31
   Compiling num-conv v0.1.0
    Checking pin-utils v0.1.0
   Compiling time-core v0.1.4
   Compiling time-macros v0.2.22
    Checking futures-util v0.3.31
    Checking deranged v0.4.0
   Compiling equivalent v1.0.2
   Compiling hashbrown v0.15.3
   Compiling indexmap v2.9.0
    Checking time v0.3.41
   Compiling serde_spanned v0.6.8
   Compiling toml_datetime v0.6.9
    Checking tracing-core v0.1.33
   Compiling winnow v0.7.9
   Compiling toml_write v0.1.1
   Compiling tracing-attributes v0.1.28
   Compiling toml_edit v0.22.26
    Checking tracing v0.1.41
    Checking num-integer v0.1.46
    Checking hex v0.4.3
    Checking ryu v1.0.20
   Compiling httparse v1.10.1
    Checking cpufeatures v0.2.17
   Compiling thiserror v1.0.69
   Compiling proc-macro-crate v3.3.0
    Checking http v0.2.12
   Compiling thiserror-impl v1.0.69
   Compiling const_format_proc_macros v0.2.34
   Compiling ring v0.17.14
    Checking try-lock v0.2.5
    Checking tower-service v0.3.3
    Checking want v0.3.1
   Compiling parity-scale-codec v3.7.4
   Compiling crunchy v0.2.3
   Compiling parity-scale-codec-derive v3.7.4
    Checking tokio-util v0.7.15
   Compiling impl-trait-for-tuples v0.2.3
   Compiling semver v1.0.26
    Checking http-body v0.4.6
    Checking sha2 v0.10.9
   Compiling rlp-derive v0.1.0
    Checking untrusted v0.9.0
    Checking h2 v0.3.26
    Checking spin v0.9.8
   Compiling derive_more-impl v1.0.0
   Compiling synstructure v0.13.2
    Checking percent-encoding v2.3.1
    Checking base64ct v1.7.3
    Checking httpdate v1.0.3
    Checking lazy_static v1.5.0
    Checking hmac v0.12.1
    Checking hyper v0.14.32
   Compiling displaydoc v0.2.5
   Compiling pkg-config v0.3.32
   Compiling scale-info-derive v2.11.6
    Checking byteorder v1.5.0
    Checking base64 v0.21.7
    Checking aho-corasick v1.1.3
    Checking openssl-probe v0.1.6
    Checking regex-syntax v0.8.5
    Checking bitflags v2.9.0
    Checking pem-rfc7468 v0.7.0
   Compiling pin-project-internal v1.1.10
    Checking regex-automata v0.4.9
    Checking crc32fast v1.4.2
   Compiling rustls v0.21.12
    Checking rustc-hex v2.1.0
    Checking fastrand v2.3.0
    Checking pin-project v1.1.10
    Checking regex v1.11.1
    Checking der v0.7.10
   Compiling zerofrom-derive v0.1.6
    Checking rustls-webpki v0.101.7
    Checking sct v0.7.1
    Checking const_format v0.2.34
    Checking arrayvec v0.7.6
    Checking outref v0.5.2
    Checking vsimd v0.8.0
   Compiling tiny-keccak v2.0.2
    Checking byte-slice-cast v1.2.3
    Checking base64-simd v0.8.0
    Checking zerofrom v0.1.6
    Checking rlp v0.5.2
   Compiling yoke-derive v0.7.5
    Checking stable_deref_trait v1.2.0
   Compiling rustix v1.0.7
    Checking static_assertions v1.1.0
    Checking yoke v0.7.5
    Checking aws-smithy-types v0.56.1
    Checking spki v0.7.3
    Checking derive_more v1.0.0
   Compiling zerovec-derive v0.10.3
    Checking scale-info v2.11.6
    Checking pkcs8 v0.10.2
    Checking fixed-hash v0.8.0
    Checking tokio-rustls v0.24.1
    Checking impl-rlp v0.3.0
    Checking impl-codec v0.6.0
    Checking rustls-pemfile v1.0.4
    Checking impl-serde v0.4.0
   Compiling indexmap v1.9.3
    Checking zerovec v0.10.4
    Checking rustls-native-certs v0.6.3
    Checking uint v0.9.5
    Checking form_urlencoded v1.2.1
    Checking tokio-stream v0.1.17
    Checking hashbrown v0.12.3
    Checking tower-layer v0.3.3
    Checking tinystr v0.7.6
    Checking primitive-types v0.12.2
    Checking hyper-rustls v0.24.2
    Checking signature v2.2.0
    Checking litemap v0.7.5
   Compiling getrandom v0.3.2
    Checking either v1.15.0
    Checking writeable v0.5.5
   Compiling icu_locid_transform_data v1.5.1
    Checking icu_locid v1.5.0
    Checking bytes-utils v0.1.4
    Checking tower v0.4.13
    Checking aws-smithy-eventstream v0.56.1
    Checking ff v0.13.1
   Compiling icu_provider_macros v1.5.0
   Compiling camino v1.1.9
   Compiling icu_properties_data v1.5.1
   Compiling serde_json v1.0.140
    Checking base16ct v0.2.0
    Checking sec1 v0.7.3
    Checking icu_provider v1.5.0
    Checking group v0.13.0
    Checking aws-smithy-http v0.56.1
   Compiling rustc_version v0.4.1
    Checking crypto-bigint v0.5.5
   Compiling ring v0.16.20
    Checking linux-raw-sys v0.9.4
   Compiling icu_normalizer_data v1.5.1
    Checking keccak v0.1.5
   Compiling vcpkg v0.2.15
    Checking sha3 v0.10.8
   Compiling openssl-sys v0.9.108
    Checking elliptic-curve v0.13.8
    Checking icu_locid_transform v1.5.0
    Checking icu_collections v1.5.0
    Checking rfc6979 v0.4.0
    Checking untrusted v0.7.1
   Compiling heck v0.4.1
    Checking spin v0.5.2
   Compiling strum_macros v0.25.3
    Checking ecdsa v0.16.9
    Checking icu_properties v1.5.1
    Checking aws-smithy-async v0.56.1
   Compiling open-fastrlp-derive v0.1.1
   Compiling num_enum_derive v0.7.3
   Compiling auto_impl v1.3.0
    Checking write16 v1.0.0
    Checking utf8_iter v1.0.4
    Checking utf16_iter v1.0.5
    Checking icu_normalizer v1.5.0
    Checking k256 v0.13.4
    Checking num-bigint v0.4.6
    Checking iana-time-zone v0.1.63
    Checking minimal-lexical v0.2.1
   Compiling wasm-bindgen-shared v0.2.100
    Checking nom v7.1.3
    Checking chrono v0.4.41
    Checking ethbloom v0.13.0
    Checking idna_adapter v1.2.0
    Checking aws-smithy-http-tower v0.56.1
    Checking inout v0.1.4
   Compiling openssl v0.10.72
    Checking foreign-types-shared v0.1.1
    Checking mime v0.3.17
    Checking foreign-types v0.3.2
    Checking cipher v0.4.4
    Checking aws-smithy-client v0.56.1
    Checking idna v1.0.3
    Checking rusticata-macros v4.1.0
    Checking ethereum-types v0.14.1
   Compiling aws-types v0.56.1
   Compiling zstd-sys v2.0.15+zstd.1.5.7
    Checking sha1 v0.10.6
   Compiling openssl-macros v0.1.1
   Compiling native-tls v0.2.14
    Checking data-encoding v2.9.0
   Compiling bumpalo v3.17.0
    Checking sync_wrapper v0.1.2
   Compiling wasm-bindgen-backend v0.2.100
    Checking tempfile v3.19.1
    Checking url v2.5.4
    Checking aws-credential-types v0.56.1
    Checking cargo-platform v0.1.9
   Compiling async-trait v0.1.88
    Checking cargo_metadata v0.18.1
   Compiling wasm-bindgen-macro-support v0.2.100
    Checking ethabi v18.0.0
    Checking open-fastrlp v0.1.4
    Checking num_enum v0.7.3
    Checking aws-smithy-runtime-api v0.56.1
    Checking strum v0.25.0
    Checking password-hash v0.4.2
    Checking const-hex v1.14.0
   Compiling same-file v1.0.6
   Compiling wasm-bindgen v0.2.100
   Compiling prettyplease v0.2.32
   Compiling eyre v0.6.12
    Checking walkdir v2.5.0
    Checking ethers-core v2.0.13
    Checking pbkdf2 v0.11.0
   Compiling wasm-bindgen-macro v0.2.100
    Checking tokio-native-tls v0.3.1
    Checking aws-http v0.56.1
    Checking aws-sigv4 v0.56.1
   Compiling synstructure v0.12.6
    Checking ripemd v0.1.3
    Checking rustls-pki-types v1.11.0
    Checking uuid v1.16.0
   Compiling anyhow v1.0.98
   Compiling thiserror v2.0.12
    Checking adler2 v2.0.0
    Checking webpki-roots v0.25.4
    Checking miniz_oxide v0.8.8
    Checking aws-runtime v0.56.1
   Compiling asn1-rs-derive v0.4.0
    Checking hyper-tls v0.5.0
    Checking aws-smithy-runtime v0.56.1
    Checking aes v0.8.4
    Checking serde_urlencoded v0.7.1
    Checking aws-smithy-json v0.56.1
    Checking bs58 v0.5.1
   Compiling asn1-rs-impl v0.1.0
   Compiling thiserror-impl v2.0.12
    Checking encoding_rs v0.8.35
    Checking ipnet v2.11.0
   Compiling radium v0.7.0
   Compiling itertools v0.12.1
    Checking reqwest v0.11.27
    Checking asn1-rs v0.5.2
    Checking js-sys v0.3.77
    Checking flate2 v1.1.1
   Compiling bzip2-sys v0.1.13+1.0.8
   Compiling asn1-rs-derive v0.5.1
   Compiling axum-core v0.3.4
   Compiling asn1-rs-impl v0.2.0
    Checking tap v1.0.1
    Checking bech32 v0.9.1
    Checking utf-8 v0.7.6
   Compiling rustls v0.22.4
    Checking base64 v0.13.1
    Checking xmlparser v0.13.6
   Compiling zstd-safe v5.0.2+zstd.1.5.2
    Checking bs58 v0.4.0
   Compiling indenter v0.3.3
   Compiling oid-registry v0.6.1
    Checking random-manager v0.0.5
   Compiling Inflector v0.11.4
    Checking aws-smithy-xml v0.56.1
    Checking pem v1.1.1
    Checking asn1-rs v0.6.2
    Checking tungstenite v0.20.1
    Checking coins-core v0.8.7
    Checking wyz v0.5.1
    Checking gloo-timers v0.2.6
   Compiling prost-derive v0.12.6
    Checking simple_asn1 v0.6.3
    Checking rustls-webpki v0.102.8
    Checking salsa20 v0.10.2
   Compiling crc32c v0.6.8
    Checking fxhash v0.2.1
    Checking pbkdf2 v0.12.2
   Compiling toml v0.8.22
   Compiling axum v0.6.20
   Compiling async-stream-impl v0.3.6
   Compiling ident_case v1.0.1
    Checking send_wrapper v0.4.0
   Compiling num-bigint-dig v0.8.4
   Compiling dunce v1.0.5
   Compiling oid-registry v0.7.1
   Compiling strsim v0.11.1
    Checking funty v2.0.0
   Compiling zstd-safe v6.0.6
    Checking urlencoding v2.1.3
    Checking bitvec v1.0.1
    Checking aws-smithy-query v0.56.1
   Compiling darling_core v0.20.11
    Checking async-stream v0.3.6
   Compiling ethers-contract-abigen v2.0.13
    Checking futures-timer v3.0.3
    Checking hashers v1.0.1
    Checking scrypt v0.10.0
    Checking jsonwebtoken v8.3.0
    Checking prost v0.12.6
    Checking tokio-tungstenite v0.20.1
    Checking coins-bip32 v0.8.7
    Checking der-parser v8.2.0
    Checking rustls-pemfile v2.2.0
    Checking ctr v0.9.2
    Checking enr v0.9.1
    Checking tracing-futures v0.2.5
    Checking num-iter v0.1.45
    Checking tokio-io-timeout v1.2.0
    Checking uuid v0.8.2
    Checking instant v0.1.13
    Checking matchit v0.7.3
    Checking base64 v0.22.1
   Compiling rustix v0.38.44
    Checking bitflags v1.3.2
    Checking pem v3.0.5
    Checking eth-keystore v0.5.0
    Checking ethers-providers v2.0.13
    Checking hyper-timeout v0.4.1
    Checking x509-parser v0.15.1
    Checking zstd v0.11.2+zstd.1.5.2
    Checking coins-bip39 v0.8.7
    Checking bzip2 v0.4.4
   Compiling ethers-contract-derive v2.0.13
   Compiling darling_macro v0.20.11
    Checking der-parser v9.0.0
    Checking xattr v1.5.0
    Checking pkcs1 v0.7.5
    Checking yasna v0.5.2
    Checking md-5 v0.10.6
   Compiling secp256k1-sys v0.9.2
    Checking filetime v0.2.25
    Checking linux-raw-sys v0.4.15
   Compiling procfs v0.16.0
    Checking constant_time_eq v0.1.5
    Checking zip v0.6.6
    Checking ethers-contract v2.0.13
    Checking tar v0.4.44
    Checking aws-smithy-checksums v0.56.1
    Checking rcgen v0.12.1
    Checking rsa v0.9.8
    Checking x509-parser v0.16.0
    Checking zstd v0.12.4
   Compiling darling v0.20.11
    Checking ethers-signers v2.0.13
    Checking tonic v0.11.0
    Checking aws-sdk-sts v0.30.0
    Checking ethers-etherscan v2.0.13
    Checking aws-sdk-sso v0.30.0
   Compiling rust-embed-utils v8.7.0
    Checking procfs-core v0.16.0
    Checking futures-executor v0.3.31
    Checking futures-locks v0.7.1
   Compiling blst v0.3.14
    Checking num_cpus v1.16.0
    Checking human-readable v0.0.1
    Checking unsafe-libyaml v0.2.11
    Checking utf8parse v0.2.2
   Compiling prometheus v0.13.4
    Checking path-clean v1.0.1
    Checking fs_extra v1.3.0
    Checking compress-manager v0.0.10
    Checking anstyle-parse v0.2.6
    Checking serde_yaml v0.9.34+deprecated
    Checking threadpool v1.8.1
    Checking ethers-middleware v2.0.13
    Checking futures v0.3.31
   Compiling rust-embed-impl v8.7.0
    Checking aws-config v0.56.1
   Compiling serde_with_macros v3.12.0
    Checking aws-sdk-s3 v0.30.0
    Checking prost-types v0.12.6
    Checking aws-sdk-ec2 v0.30.0
    Checking aws-sdk-kms v0.30.0
    Checking ethers-addressbook v2.0.13
    Checking rfc-manager v0.0.1
    Checking command-manager v0.0.3
   Compiling zerocopy-derive v0.7.35
    Checking anstyle-query v1.1.2
    Checking colorchoice v1.0.3
    Checking anstyle v1.0.10
    Checking is_terminal_polyfill v1.70.1
    Checking anstream v0.6.18
    Checking zerocopy v0.7.35
    Checking rust-embed v8.7.0
    Checking ethers v2.0.11
    Checking tonic-reflection v0.11.0
    Checking secp256k1 v0.28.2
    Checking serde_with v3.12.0
    Checking cert-manager v0.0.11 (/home/lc/test/super_avalanche-rs/core/cert-manager)
    Checking tonic-health v0.11.0
    Checking bip32 v0.5.3
    Checking env_filter v0.1.3
   Compiling num-derive v0.4.2
    Checking prefix-manager v0.0.2
    Checking jiff v0.2.12
    Checking cmp-manager v0.0.1
    Checking env_logger v0.11.8
    Checking whoami v1.6.0
    Checking id-manager v0.0.3
    Checking tokio-test v0.4.4
    Checking http v1.3.1
    Checking http-body v1.0.1
    Checking hyper v1.6.0
    Checking hyper-util v0.1.11
    Checking rustls-native-certs v0.7.3
    Checking tokio-rustls v0.25.0
    Checking overload v0.1.1
    Checking nu-ansi-term v0.46.0
    Checking hyper-rustls v0.26.0
    Checking sharded-slab v0.1.7
    Checking tracing-log v0.2.0
    Checking thread_local v1.1.8
    Checking tracing-subscriber v0.3.19
    Checking server v0.0.1 (/home/lc/test/super_avalanche-rs/core/server)
    Checking aws-manager v0.30.4
    Checking avalanche-types v0.1.5 (/home/lc/test/super_avalanche-rs/crates/avalanche-types)
    Checking network v0.0.1 (/home/lc/test/super_avalanche-rs/core/network)
    Checking avalanche-consensus v0.1.1 (/home/lc/test/super_avalanche-rs/crates/avalanche-consensus)
    Finished `dev` profile [unoptimized + debuginfo] target(s) in 8m 04s
